<?xml version="1.0" encoding="UTF-8"?>
<!-- Generated by org.testng.reporters.JUnitReportReporter -->
<testsuite hostname="LAPTOP-CMKOQI5F" failures="0" tests="2" name="Amazon.Mavenjava.seleniumTest" time="0.004" errors="0" timestamp="2022-03-12T14:40:26 IST" skipped="0">
  <testcase classname="Amazon.Mavenjava.seleniumTest" name="elementsUi" time="0.000"/>
  <system-out/>
  <testcase classname="Amazon.Mavenjava.seleniumTest" name="browserAutomation" time="0.004"/>
  <system-out/>
</testsuite> <!-- Amazon.Mavenjava.seleniumTest -->
